{"C:\\Users\\Sam\\Programming projects\\teleport-project\\server\\helper.js": {"path":"C:\\Users\\Sam\\Programming projects\\teleport-project\\server\\helper.js","statementMap":{"0":{"start":{"line":1,"column":11},"end":{"line":1,"column":24}},"1":{"start":{"line":2,"column":17},"end":{"line":2,"column":32}},"2":{"start":{"line":4,"column":13},"end":{"line":4,"column":25}},"3":{"start":{"line":7,"column":21},"end":{"line":22,"column":1}},"4":{"start":{"line":8,"column":4},"end":{"line":10,"column":5}},"5":{"start":{"line":9,"column":6},"end":{"line":9,"column":29}},"6":{"start":{"line":11,"column":4},"end":{"line":13,"column":5}},"7":{"start":{"line":12,"column":6},"end":{"line":12,"column":29}},"8":{"start":{"line":14,"column":21},"end":{"line":16,"column":39}},"9":{"start":{"line":18,"column":4},"end":{"line":18,"column":55}},"10":{"start":{"line":19,"column":22},"end":{"line":19,"column":53}},"11":{"start":{"line":20,"column":4},"end":{"line":20,"column":23}},"12":{"start":{"line":25,"column":2},"end":{"line":25,"column":38}},"13":{"start":{"line":26,"column":2},"end":{"line":41,"column":5}},"14":{"start":{"line":27,"column":4},"end":{"line":40,"column":7}},"15":{"start":{"line":28,"column":6},"end":{"line":28,"column":25}},"16":{"start":{"line":28,"column":15},"end":{"line":28,"column":25}},"17":{"start":{"line":29,"column":19},"end":{"line":29,"column":55}},"18":{"start":{"line":30,"column":6},"end":{"line":39,"column":8}},"19":{"start":{"line":46,"column":2},"end":{"line":46,"column":47}},"20":{"start":{"line":47,"column":2},"end":{"line":47,"column":56}},"21":{"start":{"line":48,"column":2},"end":{"line":48,"column":19}},"22":{"start":{"line":51,"column":0},"end":{"line":51,"column":59}}},"fnMap":{"0":{"name":"(anonymous_0)","decl":{"start":{"line":7,"column":21},"end":{"line":7,"column":22}},"loc":{"start":{"line":7,"column":37},"end":{"line":22,"column":1}},"line":7},"1":{"name":"getDetails","decl":{"start":{"line":24,"column":9},"end":{"line":24,"column":19}},"loc":{"start":{"line":24,"column":36},"end":{"line":42,"column":1}},"line":24},"2":{"name":"(anonymous_2)","decl":{"start":{"line":26,"column":21},"end":{"line":26,"column":22}},"loc":{"start":{"line":26,"column":42},"end":{"line":41,"column":3}},"line":26},"3":{"name":"(anonymous_3)","decl":{"start":{"line":27,"column":21},"end":{"line":27,"column":22}},"loc":{"start":{"line":27,"column":37},"end":{"line":40,"column":5}},"line":27},"4":{"name":"getDirectory","decl":{"start":{"line":44,"column":9},"end":{"line":44,"column":21}},"loc":{"start":{"line":44,"column":28},"end":{"line":49,"column":1}},"line":44}},"branchMap":{"0":{"loc":{"start":{"line":8,"column":4},"end":{"line":10,"column":5}},"type":"if","locations":[{"start":{"line":8,"column":4},"end":{"line":10,"column":5}},{"start":{},"end":{}}],"line":8},"1":{"loc":{"start":{"line":11,"column":4},"end":{"line":13,"column":5}},"type":"if","locations":[{"start":{"line":11,"column":4},"end":{"line":13,"column":5}},{"start":{},"end":{}}],"line":11},"2":{"loc":{"start":{"line":28,"column":6},"end":{"line":28,"column":25}},"type":"if","locations":[{"start":{"line":28,"column":6},"end":{"line":28,"column":25}},{"start":{},"end":{}}],"line":28},"3":{"loc":{"start":{"line":29,"column":19},"end":{"line":29,"column":55}},"type":"cond-expr","locations":[{"start":{"line":29,"column":41},"end":{"line":29,"column":46}},{"start":{"line":29,"column":49},"end":{"line":29,"column":55}}],"line":29},"4":{"loc":{"start":{"line":31,"column":8},"end":{"line":38,"column":13}},"type":"cond-expr","locations":[{"start":{"line":32,"column":12},"end":{"line":32,"column":31}},{"start":{"line":33,"column":12},"end":{"line":38,"column":13}}],"line":31},"5":{"loc":{"start":{"line":47,"column":9},"end":{"line":47,"column":55}},"type":"cond-expr","locations":[{"start":{"line":47,"column":31},"end":{"line":47,"column":48}},{"start":{"line":47,"column":51},"end":{"line":47,"column":55}}],"line":47}},"s":{"0":1,"1":1,"2":1,"3":1,"4":4,"5":1,"6":3,"7":1,"8":2,"9":2,"10":2,"11":2,"12":1,"13":1,"14":1,"15":1,"16":0,"17":1,"18":1,"19":0,"20":0,"21":0,"22":1},"f":{"0":4,"1":1,"2":1,"3":1,"4":0},"b":{"0":[1,3],"1":[1,2],"2":[0,1],"3":[0,1],"4":[0,1],"5":[0,0]},"_coverageSchema":"1a1c01bbd47fc00a2c39e90264f33305004495a9","hash":"e3d3fedbf5b2175d0d09fa41a45e0652496197f6"}
,"C:\\Users\\Sam\\Programming projects\\teleport-project\\server\\server.js": {"path":"C:\\Users\\Sam\\Programming projects\\teleport-project\\server\\server.js","statementMap":{"0":{"start":{"line":1,"column":16},"end":{"line":1,"column":34}},"1":{"start":{"line":2,"column":21},"end":{"line":2,"column":45}},"2":{"start":{"line":3,"column":16},"end":{"line":3,"column":42}},"3":{"start":{"line":4,"column":11},"end":{"line":4,"column":24}},"4":{"start":{"line":5,"column":19},"end":{"line":5,"column":41}},"5":{"start":{"line":6,"column":15},"end":{"line":6,"column":32}},"6":{"start":{"line":7,"column":13},"end":{"line":7,"column":28}},"7":{"start":{"line":8,"column":51},"end":{"line":8,"column":70}},"8":{"start":{"line":9,"column":13},"end":{"line":9,"column":37}},"9":{"start":{"line":10,"column":15},"end":{"line":10,"column":48}},"10":{"start":{"line":12,"column":12},"end":{"line":12,"column":21}},"11":{"start":{"line":13,"column":0},"end":{"line":13,"column":54}},"12":{"start":{"line":14,"column":0},"end":{"line":14,"column":53}},"13":{"start":{"line":15,"column":25},"end":{"line":25,"column":1}},"14":{"start":{"line":16,"column":2},"end":{"line":16,"column":69}},"15":{"start":{"line":17,"column":2},"end":{"line":17,"column":64}},"16":{"start":{"line":18,"column":2},"end":{"line":18,"column":76}},"17":{"start":{"line":19,"column":2},"end":{"line":19,"column":56}},"18":{"start":{"line":20,"column":2},"end":{"line":24,"column":3}},"19":{"start":{"line":21,"column":4},"end":{"line":21,"column":24}},"20":{"start":{"line":23,"column":4},"end":{"line":23,"column":11}},"21":{"start":{"line":27,"column":0},"end":{"line":27,"column":26}},"22":{"start":{"line":28,"column":0},"end":{"line":28,"column":23}},"23":{"start":{"line":29,"column":0},"end":{"line":29,"column":50}},"24":{"start":{"line":30,"column":0},"end":{"line":30,"column":26}},"25":{"start":{"line":31,"column":0},"end":{"line":42,"column":2}},"26":{"start":{"line":44,"column":11},"end":{"line":72,"column":1}},"27":{"start":{"line":74,"column":0},"end":{"line":76,"column":2}},"28":{"start":{"line":75,"column":2},"end":{"line":75,"column":44}},"29":{"start":{"line":78,"column":0},"end":{"line":104,"column":3}},"30":{"start":{"line":79,"column":2},"end":{"line":103,"column":3}},"31":{"start":{"line":80,"column":21},"end":{"line":80,"column":48}},"32":{"start":{"line":82,"column":20},"end":{"line":82,"column":42}},"33":{"start":{"line":83,"column":4},"end":{"line":99,"column":31}},"34":{"start":{"line":84,"column":6},"end":{"line":98,"column":9}},"35":{"start":{"line":85,"column":25},"end":{"line":85,"column":27}},"36":{"start":{"line":86,"column":8},"end":{"line":97,"column":9}},"37":{"start":{"line":87,"column":10},"end":{"line":87,"column":29}},"38":{"start":{"line":88,"column":10},"end":{"line":88,"column":66}},"39":{"start":{"line":89,"column":10},"end":{"line":89,"column":52}},"40":{"start":{"line":91,"column":10},"end":{"line":93,"column":13}},"41":{"start":{"line":92,"column":12},"end":{"line":92,"column":61}},"42":{"start":{"line":94,"column":10},"end":{"line":96,"column":13}},"43":{"start":{"line":95,"column":12},"end":{"line":95,"column":77}},"44":{"start":{"line":99,"column":11},"end":{"line":99,"column":31}},"45":{"start":{"line":101,"column":4},"end":{"line":101,"column":53}},"46":{"start":{"line":102,"column":4},"end":{"line":102,"column":61}},"47":{"start":{"line":106,"column":0},"end":{"line":117,"column":3}},"48":{"start":{"line":108,"column":2},"end":{"line":116,"column":3}},"49":{"start":{"line":109,"column":4},"end":{"line":113,"column":6}},"50":{"start":{"line":115,"column":4},"end":{"line":115,"column":43}},"51":{"start":{"line":119,"column":0},"end":{"line":127,"column":3}},"52":{"start":{"line":120,"column":2},"end":{"line":126,"column":4}},"53":{"start":{"line":121,"column":4},"end":{"line":125,"column":5}},"54":{"start":{"line":122,"column":6},"end":{"line":122,"column":48}},"55":{"start":{"line":124,"column":6},"end":{"line":124,"column":54}},"56":{"start":{"line":129,"column":0},"end":{"line":158,"column":2}},"57":{"start":{"line":130,"column":25},"end":{"line":130,"column":42}},"58":{"start":{"line":131,"column":25},"end":{"line":131,"column":42}},"59":{"start":{"line":140,"column":16},"end":{"line":140,"column":21}},"60":{"start":{"line":141,"column":17},"end":{"line":141,"column":82}},"61":{"start":{"line":141,"column":55},"end":{"line":141,"column":80}},"62":{"start":{"line":142,"column":4},"end":{"line":144,"column":5}},"63":{"start":{"line":143,"column":6},"end":{"line":143,"column":62}},"64":{"start":{"line":145,"column":4},"end":{"line":157,"column":3}},"65":{"start":{"line":146,"column":6},"end":{"line":146,"column":30}},"66":{"start":{"line":147,"column":6},"end":{"line":151,"column":8}},"67":{"start":{"line":153,"column":6},"end":{"line":156,"column":9}},"68":{"start":{"line":160,"column":0},"end":{"line":162,"column":2}},"69":{"start":{"line":161,"column":2},"end":{"line":161,"column":59}},"70":{"start":{"line":164,"column":0},"end":{"line":166,"column":3}},"71":{"start":{"line":165,"column":2},"end":{"line":165,"column":59}},"72":{"start":{"line":168,"column":0},"end":{"line":170,"column":2}},"73":{"start":{"line":169,"column":4},"end":{"line":169,"column":62}},"74":{"start":{"line":172,"column":0},"end":{"line":172,"column":21}}},"fnMap":{"0":{"name":"(anonymous_0)","decl":{"start":{"line":15,"column":25},"end":{"line":15,"column":26}},"loc":{"start":{"line":15,"column":50},"end":{"line":25,"column":1}},"line":15},"1":{"name":"(anonymous_1)","decl":{"start":{"line":74,"column":17},"end":{"line":74,"column":18}},"loc":{"start":{"line":74,"column":31},"end":{"line":76,"column":1}},"line":74},"2":{"name":"(anonymous_2)","decl":{"start":{"line":78,"column":23},"end":{"line":78,"column":24}},"loc":{"start":{"line":78,"column":37},"end":{"line":104,"column":1}},"line":78},"3":{"name":"(anonymous_3)","decl":{"start":{"line":84,"column":27},"end":{"line":84,"column":28}},"loc":{"start":{"line":84,"column":43},"end":{"line":98,"column":7}},"line":84},"4":{"name":"(anonymous_4)","decl":{"start":{"line":91,"column":24},"end":{"line":91,"column":25}},"loc":{"start":{"line":91,"column":39},"end":{"line":93,"column":11}},"line":91},"5":{"name":"(anonymous_5)","decl":{"start":{"line":94,"column":39},"end":{"line":94,"column":40}},"loc":{"start":{"line":94,"column":51},"end":{"line":96,"column":11}},"line":94},"6":{"name":"(anonymous_6)","decl":{"start":{"line":106,"column":18},"end":{"line":106,"column":19}},"loc":{"start":{"line":106,"column":32},"end":{"line":117,"column":1}},"line":106},"7":{"name":"(anonymous_7)","decl":{"start":{"line":119,"column":22},"end":{"line":119,"column":23}},"loc":{"start":{"line":119,"column":36},"end":{"line":127,"column":1}},"line":119},"8":{"name":"(anonymous_8)","decl":{"start":{"line":120,"column":22},"end":{"line":120,"column":23}},"loc":{"start":{"line":120,"column":31},"end":{"line":126,"column":3}},"line":120},"9":{"name":"(anonymous_9)","decl":{"start":{"line":129,"column":19},"end":{"line":129,"column":20}},"loc":{"start":{"line":129,"column":33},"end":{"line":158,"column":1}},"line":129},"10":{"name":"(anonymous_10)","decl":{"start":{"line":141,"column":37},"end":{"line":141,"column":38}},"loc":{"start":{"line":141,"column":55},"end":{"line":141,"column":80}},"line":141},"11":{"name":"(anonymous_11)","decl":{"start":{"line":160,"column":24},"end":{"line":160,"column":25}},"loc":{"start":{"line":160,"column":38},"end":{"line":162,"column":1}},"line":160},"12":{"name":"(anonymous_12)","decl":{"start":{"line":164,"column":26},"end":{"line":164,"column":27}},"loc":{"start":{"line":164,"column":40},"end":{"line":166,"column":1}},"line":164},"13":{"name":"(anonymous_13)","decl":{"start":{"line":168,"column":17},"end":{"line":168,"column":18}},"loc":{"start":{"line":168,"column":23},"end":{"line":170,"column":1}},"line":168}},"branchMap":{"0":{"loc":{"start":{"line":9,"column":13},"end":{"line":9,"column":37}},"type":"binary-expr","locations":[{"start":{"line":9,"column":13},"end":{"line":9,"column":29}},{"start":{"line":9,"column":33},"end":{"line":9,"column":37}}],"line":9},"1":{"loc":{"start":{"line":20,"column":2},"end":{"line":24,"column":3}},"type":"if","locations":[{"start":{"line":20,"column":2},"end":{"line":24,"column":3}},{"start":{"line":22,"column":9},"end":{"line":24,"column":3}}],"line":20},"2":{"loc":{"start":{"line":79,"column":2},"end":{"line":103,"column":3}},"type":"if","locations":[{"start":{"line":79,"column":2},"end":{"line":103,"column":3}},{"start":{"line":100,"column":9},"end":{"line":103,"column":3}}],"line":79},"3":{"loc":{"start":{"line":83,"column":4},"end":{"line":99,"column":31}},"type":"if","locations":[{"start":{"line":83,"column":4},"end":{"line":99,"column":31}},{"start":{"line":99,"column":11},"end":{"line":99,"column":31}}],"line":83},"4":{"loc":{"start":{"line":86,"column":8},"end":{"line":97,"column":9}},"type":"if","locations":[{"start":{"line":86,"column":8},"end":{"line":97,"column":9}},{"start":{"line":90,"column":15},"end":{"line":97,"column":9}}],"line":86},"5":{"loc":{"start":{"line":108,"column":2},"end":{"line":116,"column":3}},"type":"if","locations":[{"start":{"line":108,"column":2},"end":{"line":116,"column":3}},{"start":{"line":114,"column":9},"end":{"line":116,"column":3}}],"line":108},"6":{"loc":{"start":{"line":121,"column":4},"end":{"line":125,"column":5}},"type":"if","locations":[{"start":{"line":121,"column":4},"end":{"line":125,"column":5}},{"start":{"line":123,"column":11},"end":{"line":125,"column":5}}],"line":121},"7":{"loc":{"start":{"line":142,"column":4},"end":{"line":144,"column":5}},"type":"if","locations":[{"start":{"line":142,"column":4},"end":{"line":144,"column":5}},{"start":{},"end":{}}],"line":142},"8":{"loc":{"start":{"line":145,"column":4},"end":{"line":157,"column":3}},"type":"if","locations":[{"start":{"line":145,"column":4},"end":{"line":157,"column":3}},{"start":{"line":152,"column":11},"end":{"line":157,"column":3}}],"line":145}},"s":{"0":1,"1":1,"2":1,"3":1,"4":1,"5":1,"6":1,"7":1,"8":1,"9":1,"10":1,"11":1,"12":1,"13":1,"14":3,"15":3,"16":3,"17":3,"18":3,"19":0,"20":3,"21":1,"22":1,"23":1,"24":1,"25":1,"26":1,"27":1,"28":1,"29":1,"30":1,"31":0,"32":0,"33":0,"34":0,"35":0,"36":0,"37":0,"38":0,"39":0,"40":0,"41":0,"42":0,"43":0,"44":0,"45":1,"46":1,"47":1,"48":0,"49":0,"50":0,"51":1,"52":0,"53":0,"54":0,"55":0,"56":1,"57":1,"58":1,"59":1,"60":1,"61":1,"62":1,"63":1,"64":1,"65":0,"66":0,"67":1,"68":1,"69":0,"70":1,"71":0,"72":1,"73":1,"74":1},"f":{"0":3,"1":1,"2":1,"3":0,"4":0,"5":0,"6":0,"7":0,"8":0,"9":1,"10":1,"11":0,"12":0,"13":1},"b":{"0":[1,1],"1":[0,3],"2":[0,1],"3":[0,0],"4":[0,0],"5":[0,0],"6":[0,0],"7":[1,0],"8":[0,1]},"_coverageSchema":"1a1c01bbd47fc00a2c39e90264f33305004495a9","hash":"1a4a7efc401bfb2078a9979de1dd495ba848f2c5"}
}
