TN:
SF:helper.js
FN:7,(anonymous_0)
FN:24,getDetails
FN:26,(anonymous_2)
FN:27,(anonymous_3)
FN:44,getDirectory
FNF:5
FNH:4
FNDA:4,(anonymous_0)
FNDA:1,getDetails
FNDA:1,(anonymous_2)
FNDA:1,(anonymous_3)
FNDA:0,getDirectory
DA:1,1
DA:2,1
DA:4,1
DA:7,1
DA:8,4
DA:9,1
DA:11,3
DA:12,1
DA:14,2
DA:18,2
DA:19,2
DA:20,2
DA:25,1
DA:26,1
DA:27,1
DA:28,1
DA:29,1
DA:30,1
DA:46,0
DA:47,0
DA:48,0
DA:51,1
LF:22
LH:19
BRDA:8,0,0,1
BRDA:8,0,1,3
BRDA:11,1,0,1
BRDA:11,1,1,2
BRDA:28,2,0,0
BRDA:28,2,1,1
BRDA:29,3,0,0
BRDA:29,3,1,1
BRDA:31,4,0,0
BRDA:31,4,1,1
BRDA:47,5,0,0
BRDA:47,5,1,0
BRF:12
BRH:7
end_of_record
TN:
SF:server.js
FN:15,(anonymous_0)
FN:74,(anonymous_1)
FN:78,(anonymous_2)
FN:84,(anonymous_3)
FN:91,(anonymous_4)
FN:94,(anonymous_5)
FN:106,(anonymous_6)
FN:119,(anonymous_7)
FN:120,(anonymous_8)
FN:129,(anonymous_9)
FN:141,(anonymous_10)
FN:160,(anonymous_11)
FN:164,(anonymous_12)
FN:168,(anonymous_13)
FNF:14
FNH:6
FNDA:3,(anonymous_0)
FNDA:1,(anonymous_1)
FNDA:1,(anonymous_2)
FNDA:0,(anonymous_3)
FNDA:0,(anonymous_4)
FNDA:0,(anonymous_5)
FNDA:0,(anonymous_6)
FNDA:0,(anonymous_7)
FNDA:0,(anonymous_8)
FNDA:1,(anonymous_9)
FNDA:1,(anonymous_10)
FNDA:0,(anonymous_11)
FNDA:0,(anonymous_12)
FNDA:1,(anonymous_13)
DA:1,1
DA:2,1
DA:3,1
DA:4,1
DA:5,1
DA:6,1
DA:7,1
DA:8,1
DA:9,1
DA:10,1
DA:12,1
DA:13,1
DA:14,1
DA:15,1
DA:16,3
DA:17,3
DA:18,3
DA:19,3
DA:20,3
DA:21,0
DA:23,3
DA:27,1
DA:28,1
DA:29,1
DA:30,1
DA:31,1
DA:44,1
DA:74,1
DA:75,1
DA:78,1
DA:79,1
DA:80,0
DA:82,0
DA:83,0
DA:84,0
DA:85,0
DA:86,0
DA:87,0
DA:88,0
DA:89,0
DA:91,0
DA:92,0
DA:94,0
DA:95,0
DA:99,0
DA:101,1
DA:102,1
DA:106,1
DA:108,0
DA:109,0
DA:115,0
DA:119,1
DA:120,0
DA:121,0
DA:122,0
DA:124,0
DA:129,1
DA:130,1
DA:131,1
DA:140,1
DA:141,1
DA:142,1
DA:143,1
DA:145,1
DA:146,0
DA:147,0
DA:153,1
DA:160,1
DA:161,0
DA:164,1
DA:165,0
DA:168,1
DA:169,1
DA:172,1
LF:74
LH:48
BRDA:9,0,0,1
BRDA:9,0,1,1
BRDA:20,1,0,0
BRDA:20,1,1,3
BRDA:79,2,0,0
BRDA:79,2,1,1
BRDA:83,3,0,0
BRDA:83,3,1,0
BRDA:86,4,0,0
BRDA:86,4,1,0
BRDA:108,5,0,0
BRDA:108,5,1,0
BRDA:121,6,0,0
BRDA:121,6,1,0
BRDA:142,7,0,1
BRDA:142,7,1,0
BRDA:145,8,0,0
BRDA:145,8,1,1
BRF:18
BRH:6
end_of_record
