{"C:\\Users\\Sam\\programmingProjects\\code\\teleport-project\\client\\src\\App.js": {"path":"C:\\Users\\Sam\\programmingProjects\\code\\teleport-project\\client\\src\\App.js","statementMap":{"0":{"start":{"line":8,"column":40},"end":{"line":8,"column":50}},"1":{"start":{"line":9,"column":34},"end":{"line":9,"column":49}},"2":{"start":{"line":11,"column":2},"end":{"line":29,"column":7}},"3":{"start":{"line":12,"column":4},"end":{"line":28,"column":6}},"4":{"start":{"line":18,"column":24},"end":{"line":18,"column":39}},"5":{"start":{"line":20,"column":6},"end":{"line":22,"column":7}},"6":{"start":{"line":21,"column":8},"end":{"line":21,"column":29}},"7":{"start":{"line":23,"column":6},"end":{"line":23,"column":33}},"8":{"start":{"line":24,"column":6},"end":{"line":24,"column":23}},"9":{"start":{"line":26,"column":6},"end":{"line":26,"column":39}},"10":{"start":{"line":27,"column":6},"end":{"line":27,"column":23}},"11":{"start":{"line":31,"column":17},"end":{"line":43,"column":3}},"12":{"start":{"line":32,"column":4},"end":{"line":42,"column":6}},"13":{"start":{"line":39,"column":6},"end":{"line":41,"column":7}},"14":{"start":{"line":40,"column":8},"end":{"line":40,"column":30}},"15":{"start":{"line":45,"column":2},"end":{"line":64,"column":4}},"16":{"start":{"line":50,"column":57},"end":{"line":50,"column":65}}},"fnMap":{"0":{"name":"App","decl":{"start":{"line":7,"column":9},"end":{"line":7,"column":12}},"loc":{"start":{"line":7,"column":15},"end":{"line":65,"column":1}},"line":7},"1":{"name":"(anonymous_1)","decl":{"start":{"line":11,"column":12},"end":{"line":11,"column":13}},"loc":{"start":{"line":11,"column":18},"end":{"line":29,"column":3}},"line":11},"2":{"name":"(anonymous_2)","decl":{"start":{"line":18,"column":12},"end":{"line":18,"column":13}},"loc":{"start":{"line":18,"column":24},"end":{"line":18,"column":39}},"line":18},"3":{"name":"(anonymous_3)","decl":{"start":{"line":19,"column":10},"end":{"line":19,"column":11}},"loc":{"start":{"line":19,"column":22},"end":{"line":25,"column":5}},"line":19},"4":{"name":"(anonymous_4)","decl":{"start":{"line":25,"column":13},"end":{"line":25,"column":14}},"loc":{"start":{"line":25,"column":24},"end":{"line":28,"column":5}},"line":25},"5":{"name":"(anonymous_5)","decl":{"start":{"line":31,"column":17},"end":{"line":31,"column":18}},"loc":{"start":{"line":31,"column":23},"end":{"line":43,"column":3}},"line":31},"6":{"name":"(anonymous_6)","decl":{"start":{"line":38,"column":12},"end":{"line":38,"column":13}},"loc":{"start":{"line":38,"column":24},"end":{"line":42,"column":5}},"line":38},"7":{"name":"(anonymous_7)","decl":{"start":{"line":50,"column":51},"end":{"line":50,"column":52}},"loc":{"start":{"line":50,"column":57},"end":{"line":50,"column":65}},"line":50}},"branchMap":{"0":{"loc":{"start":{"line":20,"column":6},"end":{"line":22,"column":7}},"type":"if","locations":[{"start":{"line":20,"column":6},"end":{"line":22,"column":7}},{"start":{},"end":{}}],"line":20},"1":{"loc":{"start":{"line":39,"column":6},"end":{"line":41,"column":7}},"type":"if","locations":[{"start":{"line":39,"column":6},"end":{"line":41,"column":7}},{"start":{},"end":{}}],"line":39},"2":{"loc":{"start":{"line":49,"column":9},"end":{"line":50,"column":82}},"type":"binary-expr","locations":[{"start":{"line":49,"column":9},"end":{"line":49,"column":20}},{"start":{"line":50,"column":8},"end":{"line":50,"column":82}}],"line":49},"3":{"loc":{"start":{"line":54,"column":7},"end":{"line":62,"column":26}},"type":"cond-expr","locations":[{"start":{"line":55,"column":8},"end":{"line":55,"column":48}},{"start":{"line":56,"column":8},"end":{"line":62,"column":26}}],"line":54},"4":{"loc":{"start":{"line":54,"column":8},"end":{"line":54,"column":32}},"type":"binary-expr","locations":[{"start":{"line":54,"column":8},"end":{"line":54,"column":20}},{"start":{"line":54,"column":24},"end":{"line":54,"column":32}}],"line":54},"5":{"loc":{"start":{"line":56,"column":8},"end":{"line":62,"column":26}},"type":"cond-expr","locations":[{"start":{"line":57,"column":6},"end":{"line":61,"column":15}},{"start":{"line":62,"column":8},"end":{"line":62,"column":26}}],"line":56},"6":{"loc":{"start":{"line":56,"column":9},"end":{"line":56,"column":32}},"type":"binary-expr","locations":[{"start":{"line":56,"column":9},"end":{"line":56,"column":20}},{"start":{"line":56,"column":24},"end":{"line":56,"column":32}}],"line":56}},"s":{"0":0,"1":0,"2":0,"3":0,"4":0,"5":0,"6":0,"7":0,"8":0,"9":0,"10":0,"11":0,"12":0,"13":0,"14":0,"15":0,"16":0},"f":{"0":0,"1":0,"2":0,"3":0,"4":0,"5":0,"6":0,"7":0},"b":{"0":[0,0],"1":[0,0],"2":[0,0],"3":[0,0],"4":[0,0],"5":[0,0],"6":[0,0]}}
,"C:\\Users\\Sam\\programmingProjects\\code\\teleport-project\\client\\src\\components\\index.js": {"path":"C:\\Users\\Sam\\programmingProjects\\code\\teleport-project\\client\\src\\components\\index.js","statementMap":{},"fnMap":{},"branchMap":{},"s":{},"f":{},"b":{},"_coverageSchema":"1a1c01bbd47fc00a2c39e90264f33305004495a9","hash":"d1d8efd23514544287790aa6016382900d359bc6"}
,"C:\\Users\\Sam\\programmingProjects\\code\\teleport-project\\client\\src\\components\\Folder\\Folder.js": {"path":"C:\\Users\\Sam\\programmingProjects\\code\\teleport-project\\client\\src\\components\\Folder\\Folder.js","statementMap":{"0":{"start":{"line":9,"column":23},"end":{"line":9,"column":36}},"1":{"start":{"line":10,"column":34},"end":{"line":10,"column":44}},"2":{"start":{"line":11,"column":36},"end":{"line":11,"column":50}},"3":{"start":{"line":12,"column":26},"end":{"line":12,"column":38}},"4":{"start":{"line":15,"column":2},"end":{"line":47,"column":15}},"5":{"start":{"line":16,"column":4},"end":{"line":46,"column":9}},"6":{"start":{"line":25,"column":8},"end":{"line":34,"column":9}},"7":{"start":{"line":26,"column":10},"end":{"line":26,"column":32}},"8":{"start":{"line":28,"column":10},"end":{"line":33,"column":11}},"9":{"start":{"line":36,"column":8},"end":{"line":36,"column":26}},"10":{"start":{"line":37,"column":8},"end":{"line":37,"column":35}},"11":{"start":{"line":40,"column":8},"end":{"line":45,"column":9}},"12":{"start":{"line":41,"column":10},"end":{"line":41,"column":51}},"13":{"start":{"line":42,"column":10},"end":{"line":42,"column":32}},"14":{"start":{"line":44,"column":10},"end":{"line":44,"column":30}},"15":{"start":{"line":50,"column":2},"end":{"line":56,"column":3}},"16":{"start":{"line":51,"column":4},"end":{"line":51,"column":23}},"17":{"start":{"line":52,"column":9},"end":{"line":56,"column":3}},"18":{"start":{"line":53,"column":4},"end":{"line":53,"column":52}},"19":{"start":{"line":55,"column":4},"end":{"line":55,"column":32}}},"fnMap":{"0":{"name":"Folder","decl":{"start":{"line":8,"column":24},"end":{"line":8,"column":30}},"loc":{"start":{"line":8,"column":51},"end":{"line":57,"column":1}},"line":8},"1":{"name":"(anonymous_1)","decl":{"start":{"line":15,"column":12},"end":{"line":15,"column":13}},"loc":{"start":{"line":15,"column":18},"end":{"line":47,"column":3}},"line":15},"2":{"name":"(anonymous_2)","decl":{"start":{"line":24,"column":12},"end":{"line":24,"column":13}},"loc":{"start":{"line":24,"column":26},"end":{"line":35,"column":7}},"line":24},"3":{"name":"(anonymous_3)","decl":{"start":{"line":35,"column":14},"end":{"line":35,"column":15}},"loc":{"start":{"line":35,"column":24},"end":{"line":38,"column":7}},"line":35},"4":{"name":"(anonymous_4)","decl":{"start":{"line":39,"column":13},"end":{"line":39,"column":14}},"loc":{"start":{"line":39,"column":24},"end":{"line":46,"column":7}},"line":39}},"branchMap":{"0":{"loc":{"start":{"line":25,"column":8},"end":{"line":34,"column":9}},"type":"if","locations":[{"start":{"line":25,"column":8},"end":{"line":34,"column":9}},{"start":{"line":27,"column":15},"end":{"line":34,"column":9}}],"line":25},"1":{"loc":{"start":{"line":40,"column":8},"end":{"line":45,"column":9}},"type":"if","locations":[{"start":{"line":40,"column":8},"end":{"line":45,"column":9}},{"start":{"line":43,"column":15},"end":{"line":45,"column":9}}],"line":40},"2":{"loc":{"start":{"line":50,"column":2},"end":{"line":56,"column":3}},"type":"if","locations":[{"start":{"line":50,"column":2},"end":{"line":56,"column":3}},{"start":{"line":52,"column":9},"end":{"line":56,"column":3}}],"line":50},"3":{"loc":{"start":{"line":52,"column":9},"end":{"line":56,"column":3}},"type":"if","locations":[{"start":{"line":52,"column":9},"end":{"line":56,"column":3}},{"start":{"line":54,"column":9},"end":{"line":56,"column":3}}],"line":52}},"s":{"0":0,"1":0,"2":0,"3":0,"4":0,"5":0,"6":0,"7":0,"8":0,"9":0,"10":0,"11":0,"12":0,"13":0,"14":0,"15":0,"16":0,"17":0,"18":0,"19":0},"f":{"0":0,"1":0,"2":0,"3":0,"4":0},"b":{"0":[0,0],"1":[0,0],"2":[0,0],"3":[0,0]},"_coverageSchema":"1a1c01bbd47fc00a2c39e90264f33305004495a9","hash":"c36a45032d3880ec15b11c88161e1f67986b9546"}
,"C:\\Users\\Sam\\programmingProjects\\code\\teleport-project\\client\\src\\components\\Login\\Login.js": {"path":"C:\\Users\\Sam\\programmingProjects\\code\\teleport-project\\client\\src\\components\\Login\\Login.js","statementMap":{"0":{"start":{"line":5,"column":31},"end":{"line":5,"column":41}},"1":{"start":{"line":6,"column":31},"end":{"line":6,"column":41}},"2":{"start":{"line":7,"column":32},"end":{"line":7,"column":44}},"3":{"start":{"line":9,"column":16},"end":{"line":36,"column":3}},"4":{"start":{"line":10,"column":4},"end":{"line":35,"column":5}},"5":{"start":{"line":11,"column":6},"end":{"line":32,"column":8}},"6":{"start":{"line":21,"column":26},"end":{"line":21,"column":41}},"7":{"start":{"line":23,"column":8},"end":{"line":29,"column":9}},"8":{"start":{"line":24,"column":10},"end":{"line":24,"column":40}},"9":{"start":{"line":25,"column":10},"end":{"line":25,"column":30}},"10":{"start":{"line":27,"column":10},"end":{"line":27,"column":40}},"11":{"start":{"line":28,"column":10},"end":{"line":28,"column":39}},"12":{"start":{"line":31,"column":8},"end":{"line":31,"column":41}},"13":{"start":{"line":34,"column":6},"end":{"line":34,"column":61}},"14":{"start":{"line":39,"column":2},"end":{"line":55,"column":3}},"15":{"start":{"line":46,"column":72},"end":{"line":46,"column":99}},"16":{"start":{"line":49,"column":76},"end":{"line":49,"column":103}},"17":{"start":{"line":51,"column":56},"end":{"line":51,"column":63}}},"fnMap":{"0":{"name":"Login","decl":{"start":{"line":4,"column":9},"end":{"line":4,"column":14}},"loc":{"start":{"line":4,"column":35},"end":{"line":56,"column":1}},"line":4},"1":{"name":"(anonymous_1)","decl":{"start":{"line":9,"column":16},"end":{"line":9,"column":17}},"loc":{"start":{"line":9,"column":22},"end":{"line":36,"column":3}},"line":9},"2":{"name":"(anonymous_2)","decl":{"start":{"line":21,"column":14},"end":{"line":21,"column":15}},"loc":{"start":{"line":21,"column":26},"end":{"line":21,"column":41}},"line":21},"3":{"name":"(anonymous_3)","decl":{"start":{"line":22,"column":12},"end":{"line":22,"column":13}},"loc":{"start":{"line":22,"column":24},"end":{"line":30,"column":7}},"line":22},"4":{"name":"(anonymous_4)","decl":{"start":{"line":30,"column":15},"end":{"line":30,"column":16}},"loc":{"start":{"line":30,"column":26},"end":{"line":32,"column":7}},"line":30},"5":{"name":"(anonymous_5)","decl":{"start":{"line":46,"column":65},"end":{"line":46,"column":66}},"loc":{"start":{"line":46,"column":72},"end":{"line":46,"column":99}},"line":46},"6":{"name":"(anonymous_6)","decl":{"start":{"line":49,"column":69},"end":{"line":49,"column":70}},"loc":{"start":{"line":49,"column":76},"end":{"line":49,"column":103}},"line":49},"7":{"name":"(anonymous_7)","decl":{"start":{"line":51,"column":50},"end":{"line":51,"column":51}},"loc":{"start":{"line":51,"column":56},"end":{"line":51,"column":63}},"line":51}},"branchMap":{"0":{"loc":{"start":{"line":10,"column":4},"end":{"line":35,"column":5}},"type":"if","locations":[{"start":{"line":10,"column":4},"end":{"line":35,"column":5}},{"start":{"line":33,"column":11},"end":{"line":35,"column":5}}],"line":10},"1":{"loc":{"start":{"line":10,"column":8},"end":{"line":10,"column":22}},"type":"binary-expr","locations":[{"start":{"line":10,"column":8},"end":{"line":10,"column":13}},{"start":{"line":10,"column":17},"end":{"line":10,"column":22}}],"line":10},"2":{"loc":{"start":{"line":23,"column":8},"end":{"line":29,"column":9}},"type":"if","locations":[{"start":{"line":23,"column":8},"end":{"line":29,"column":9}},{"start":{"line":26,"column":15},"end":{"line":29,"column":9}}],"line":23}},"s":{"0":0,"1":0,"2":0,"3":0,"4":0,"5":0,"6":0,"7":0,"8":0,"9":0,"10":0,"11":0,"12":0,"13":0,"14":0,"15":0,"16":0,"17":0},"f":{"0":0,"1":0,"2":0,"3":0,"4":0,"5":0,"6":0,"7":0},"b":{"0":[0,0],"1":[0,0],"2":[0,0]},"_coverageSchema":"1a1c01bbd47fc00a2c39e90264f33305004495a9","hash":"802ce97e69c9c562b30646432623b6e1f1ce12ee"}
,"C:\\Users\\Sam\\programmingProjects\\code\\teleport-project\\client\\src\\components\\Table\\Table.js": {"path":"C:\\Users\\Sam\\programmingProjects\\code\\teleport-project\\client\\src\\components\\Table\\Table.js","statementMap":{"0":{"start":{"line":7,"column":18},"end":{"line":41,"column":3}},"1":{"start":{"line":8,"column":18},"end":{"line":12,"column":5}},"2":{"start":{"line":13,"column":25},"end":{"line":13,"column":37}},"3":{"start":{"line":15,"column":4},"end":{"line":39,"column":5}},"4":{"start":{"line":16,"column":6},"end":{"line":20,"column":7}},"5":{"start":{"line":17,"column":8},"end":{"line":17,"column":77}},"6":{"start":{"line":17,"column":42},"end":{"line":17,"column":75}},"7":{"start":{"line":19,"column":8},"end":{"line":19,"column":77}},"8":{"start":{"line":19,"column":42},"end":{"line":19,"column":75}},"9":{"start":{"line":22,"column":6},"end":{"line":38,"column":7}},"10":{"start":{"line":23,"column":8},"end":{"line":29,"column":11}},"11":{"start":{"line":24,"column":25},"end":{"line":24,"column":54}},"12":{"start":{"line":25,"column":25},"end":{"line":25,"column":54}},"13":{"start":{"line":26,"column":10},"end":{"line":26,"column":44}},"14":{"start":{"line":26,"column":33},"end":{"line":26,"column":43}},"15":{"start":{"line":27,"column":10},"end":{"line":27,"column":43}},"16":{"start":{"line":27,"column":33},"end":{"line":27,"column":42}},"17":{"start":{"line":28,"column":10},"end":{"line":28,"column":19}},"18":{"start":{"line":31,"column":8},"end":{"line":37,"column":11}},"19":{"start":{"line":32,"column":25},"end":{"line":32,"column":54}},"20":{"start":{"line":33,"column":25},"end":{"line":33,"column":54}},"21":{"start":{"line":34,"column":10},"end":{"line":34,"column":44}},"22":{"start":{"line":34,"column":33},"end":{"line":34,"column":42}},"23":{"start":{"line":35,"column":10},"end":{"line":35,"column":45}},"24":{"start":{"line":35,"column":33},"end":{"line":35,"column":43}},"25":{"start":{"line":36,"column":10},"end":{"line":36,"column":19}},"26":{"start":{"line":40,"column":4},"end":{"line":40,"column":18}},"27":{"start":{"line":43,"column":19},"end":{"line":49,"column":1}},"28":{"start":{"line":45,"column":8},"end":{"line":45,"column":54}},"29":{"start":{"line":46,"column":8},"end":{"line":46,"column":77}},"30":{"start":{"line":48,"column":8},"end":{"line":48,"column":24}},"31":{"start":{"line":52,"column":28},"end":{"line":52,"column":40}},"32":{"start":{"line":53,"column":36},"end":{"line":53,"column":74}},"33":{"start":{"line":54,"column":42},"end":{"line":54,"column":54}},"34":{"start":{"line":56,"column":4},"end":{"line":58,"column":33}},"35":{"start":{"line":57,"column":8},"end":{"line":57,"column":49}},"36":{"start":{"line":60,"column":4},"end":{"line":68,"column":24}},"37":{"start":{"line":61,"column":28},"end":{"line":66,"column":9}},"38":{"start":{"line":62,"column":10},"end":{"line":62,"column":54}},"39":{"start":{"line":63,"column":27},"end":{"line":63,"column":38}},"40":{"start":{"line":64,"column":27},"end":{"line":64,"column":123}},"41":{"start":{"line":64,"column":74},"end":{"line":64,"column":117}},"42":{"start":{"line":65,"column":10},"end":{"line":65,"column":49}},"43":{"start":{"line":67,"column":8},"end":{"line":67,"column":33}},"44":{"start":{"line":70,"column":2},"end":{"line":138,"column":4}},"45":{"start":{"line":78,"column":27},"end":{"line":78,"column":71}},"46":{"start":{"line":87,"column":14},"end":{"line":87,"column":78}},"47":{"start":{"line":95,"column":14},"end":{"line":95,"column":78}},"48":{"start":{"line":103,"column":14},"end":{"line":103,"column":78}},"49":{"start":{"line":111,"column":12},"end":{"line":133,"column":18}}},"fnMap":{"0":{"name":"(anonymous_0)","decl":{"start":{"line":7,"column":18},"end":{"line":7,"column":19}},"loc":{"start":{"line":7,"column":46},"end":{"line":41,"column":3}},"line":7},"1":{"name":"(anonymous_1)","decl":{"start":{"line":17,"column":32},"end":{"line":17,"column":33}},"loc":{"start":{"line":17,"column":42},"end":{"line":17,"column":75}},"line":17},"2":{"name":"(anonymous_2)","decl":{"start":{"line":19,"column":32},"end":{"line":19,"column":33}},"loc":{"start":{"line":19,"column":42},"end":{"line":19,"column":75}},"line":19},"3":{"name":"(anonymous_3)","decl":{"start":{"line":23,"column":32},"end":{"line":23,"column":33}},"loc":{"start":{"line":23,"column":42},"end":{"line":29,"column":9}},"line":23},"4":{"name":"(anonymous_4)","decl":{"start":{"line":31,"column":32},"end":{"line":31,"column":33}},"loc":{"start":{"line":31,"column":42},"end":{"line":37,"column":9}},"line":31},"5":{"name":"(anonymous_5)","decl":{"start":{"line":43,"column":19},"end":{"line":43,"column":20}},"loc":{"start":{"line":43,"column":33},"end":{"line":49,"column":1}},"line":43},"6":{"name":"Table","decl":{"start":{"line":51,"column":9},"end":{"line":51,"column":14}},"loc":{"start":{"line":51,"column":22},"end":{"line":139,"column":1}},"line":51},"7":{"name":"(anonymous_7)","decl":{"start":{"line":56,"column":14},"end":{"line":56,"column":15}},"loc":{"start":{"line":56,"column":20},"end":{"line":58,"column":7}},"line":56},"8":{"name":"(anonymous_8)","decl":{"start":{"line":60,"column":14},"end":{"line":60,"column":15}},"loc":{"start":{"line":60,"column":20},"end":{"line":68,"column":7}},"line":60},"9":{"name":"(anonymous_9)","decl":{"start":{"line":61,"column":28},"end":{"line":61,"column":29}},"loc":{"start":{"line":61,"column":45},"end":{"line":66,"column":9}},"line":61},"10":{"name":"(anonymous_10)","decl":{"start":{"line":64,"column":63},"end":{"line":64,"column":64}},"loc":{"start":{"line":64,"column":74},"end":{"line":64,"column":117}},"line":64},"11":{"name":"(anonymous_11)","decl":{"start":{"line":78,"column":20},"end":{"line":78,"column":21}},"loc":{"start":{"line":78,"column":27},"end":{"line":78,"column":71}},"line":78},"12":{"name":"(anonymous_12)","decl":{"start":{"line":86,"column":21},"end":{"line":86,"column":22}},"loc":{"start":{"line":87,"column":14},"end":{"line":87,"column":78}},"line":87},"13":{"name":"(anonymous_13)","decl":{"start":{"line":94,"column":21},"end":{"line":94,"column":22}},"loc":{"start":{"line":95,"column":14},"end":{"line":95,"column":78}},"line":95},"14":{"name":"(anonymous_14)","decl":{"start":{"line":102,"column":21},"end":{"line":102,"column":22}},"loc":{"start":{"line":103,"column":14},"end":{"line":103,"column":78}},"line":103},"15":{"name":"(anonymous_15)","decl":{"start":{"line":110,"column":20},"end":{"line":110,"column":21}},"loc":{"start":{"line":111,"column":12},"end":{"line":133,"column":18}},"line":111}},"branchMap":{"0":{"loc":{"start":{"line":15,"column":4},"end":{"line":39,"column":5}},"type":"if","locations":[{"start":{"line":15,"column":4},"end":{"line":39,"column":5}},{"start":{"line":21,"column":11},"end":{"line":39,"column":5}}],"line":15},"1":{"loc":{"start":{"line":16,"column":6},"end":{"line":20,"column":7}},"type":"if","locations":[{"start":{"line":16,"column":6},"end":{"line":20,"column":7}},{"start":{"line":18,"column":13},"end":{"line":20,"column":7}}],"line":16},"2":{"loc":{"start":{"line":22,"column":6},"end":{"line":38,"column":7}},"type":"if","locations":[{"start":{"line":22,"column":6},"end":{"line":38,"column":7}},{"start":{"line":30,"column":13},"end":{"line":38,"column":7}}],"line":22},"3":{"loc":{"start":{"line":26,"column":10},"end":{"line":26,"column":44}},"type":"if","locations":[{"start":{"line":26,"column":10},"end":{"line":26,"column":44}},{"start":{},"end":{}}],"line":26},"4":{"loc":{"start":{"line":27,"column":10},"end":{"line":27,"column":43}},"type":"if","locations":[{"start":{"line":27,"column":10},"end":{"line":27,"column":43}},{"start":{},"end":{}}],"line":27},"5":{"loc":{"start":{"line":34,"column":10},"end":{"line":34,"column":44}},"type":"if","locations":[{"start":{"line":34,"column":10},"end":{"line":34,"column":44}},{"start":{},"end":{}}],"line":34},"6":{"loc":{"start":{"line":35,"column":10},"end":{"line":35,"column":45}},"type":"if","locations":[{"start":{"line":35,"column":10},"end":{"line":35,"column":45}},{"start":{},"end":{}}],"line":35},"7":{"loc":{"start":{"line":46,"column":19},"end":{"line":46,"column":76}},"type":"cond-expr","locations":[{"start":{"line":46,"column":44},"end":{"line":46,"column":65}},{"start":{"line":46,"column":68},"end":{"line":46,"column":76}}],"line":46},"8":{"loc":{"start":{"line":64,"column":27},"end":{"line":64,"column":123}},"type":"cond-expr","locations":[{"start":{"line":64,"column":40},"end":{"line":64,"column":118}},{"start":{"line":64,"column":121},"end":{"line":64,"column":123}}],"line":64},"9":{"loc":{"start":{"line":112,"column":15},"end":{"line":119,"column":15}},"type":"binary-expr","locations":[{"start":{"line":112,"column":15},"end":{"line":112,"column":35}},{"start":{"line":113,"column":16},"end":{"line":118,"column":19}}],"line":112},"10":{"loc":{"start":{"line":120,"column":15},"end":{"line":132,"column":15}},"type":"binary-expr","locations":[{"start":{"line":120,"column":15},"end":{"line":120,"column":34}},{"start":{"line":121,"column":16},"end":{"line":131,"column":19}}],"line":120}},"s":{"0":1,"1":2,"2":2,"3":2,"4":0,"5":0,"6":0,"7":0,"8":0,"9":2,"10":2,"11":0,"12":0,"13":0,"14":0,"15":0,"16":0,"17":0,"18":0,"19":0,"20":0,"21":0,"22":0,"23":0,"24":0,"25":0,"26":2,"27":1,"28":2,"29":2,"30":2,"31":2,"32":2,"33":2,"34":2,"35":1,"36":2,"37":1,"38":1,"39":1,"40":1,"41":1,"42":1,"43":1,"44":2,"45":0,"46":0,"47":0,"48":0,"49":1},"f":{"0":2,"1":0,"2":0,"3":0,"4":0,"5":2,"6":2,"7":1,"8":1,"9":1,"10":1,"11":0,"12":0,"13":0,"14":0,"15":1},"b":{"0":[0,2],"1":[0,0],"2":[2,0],"3":[0,0],"4":[0,0],"5":[0,0],"6":[0,0],"7":[2,0],"8":[1,0],"9":[1,1],"10":[1,0]},"_coverageSchema":"1a1c01bbd47fc00a2c39e90264f33305004495a9","hash":"6bbb8ca10d534e4df72f6d390459b70408ea0054"}
,"C:\\Users\\Sam\\programmingProjects\\code\\teleport-project\\client\\src\\components\\Table\\index.js": {"path":"C:\\Users\\Sam\\programmingProjects\\code\\teleport-project\\client\\src\\components\\Table\\index.js","statementMap":{},"fnMap":{},"branchMap":{},"s":{},"f":{},"b":{},"_coverageSchema":"1a1c01bbd47fc00a2c39e90264f33305004495a9","hash":"ee473da900d07266318aff3a6252650f3cc67fb1"}
}
